<?xml version="1.0" encoding="UTF-8"?>
<testsuite name="GreeterTest" tests="1" skipped="0" failures="0" errors="0" timestamp="2024-11-30T14:41:48" hostname="amogh-thinkpad" time="0.043">
  <properties/>
  <testcase name="testThatGreeterReturnsTheCorrectGreeting()" classname="GreeterTest" time="0.043"/>
  <system-out><![CDATA[]]></system-out>
  <system-err><![CDATA[]]></system-err>
</testsuite>
